{
  "uid" : "4b4757e66a1912dae1a509f688f20b0f",
  "name" : "categories",
  "children" : [ {
    "name" : "Product defects",
    "children" : [ {
      "name" : "Element not found {div.introjs-overlay}\nExpected: clickable: interactable and enabled\nScreenshot: file:/Users/Shared/gitlab-runner/builds/Ky1S2xgCM/0/autotests/WebNew/build/reports/tests/1755760423226.5.png\nPage source: file:/Users/Shared/gitlab-runner/builds/Ky1S2xgCM/0/autotests/WebNew/build/reports/tests/1755760423226.5.html\nTimeout: 14 s.\nCaused by: NoSuchElementException: no such element: Unable to locate element: {\"method\":\"css selector\",\"selector\":\"div.introjs-overlay\"}",
      "children" : [ {
        "name" : "graduationAlbumBook()",
        "uid" : "ee8db432ad615bea",
        "parentUid" : "20cbe4e9e44f78a39893de834fe8c007",
        "status" : "failed",
        "time" : {
          "start" : 1755760389715,
          "stop" : 1755760423323,
          "duration" : 33608
        },
        "flaky" : false,
        "newFailed" : false,
        "parameters" : [ ]
      } ],
      "uid" : "20cbe4e9e44f78a39893de834fe8c007"
    }, {
      "name" : "Element not found {div.introjs-overlay}\nExpected: clickable: interactable and enabled\nScreenshot: file:/Users/Shared/gitlab-runner/builds/Ky1S2xgCM/0/autotests/WebNew/build/reports/tests/1755760482814.6.png\nPage source: file:/Users/Shared/gitlab-runner/builds/Ky1S2xgCM/0/autotests/WebNew/build/reports/tests/1755760482814.6.html\nTimeout: 14 s.\nCaused by: NoSuchElementException: no such element: Unable to locate element: {\"method\":\"css selector\",\"selector\":\"div.introjs-overlay\"}",
      "children" : [ {
        "name" : "lakBook()",
        "uid" : "119742f6e546ec75",
        "parentUid" : "f410350104c37d98f41dcdc15b72e0c7",
        "status" : "failed",
        "time" : {
          "start" : 1755760423326,
          "stop" : 1755760482916,
          "duration" : 59590
        },
        "flaky" : false,
        "newFailed" : false,
        "parameters" : [ ]
      } ],
      "uid" : "f410350104c37d98f41dcdc15b72e0c7"
    }, {
      "name" : "Element not found {by text: Вышивка 3D эффект}\nExpected: clickable: interactable and enabled\nScreenshot: file:/Users/Shared/gitlab-runner/builds/Ky1S2xgCM/0/autotests/WebNew/build/reports/tests/1755760531815.7.png\nPage source: file:/Users/Shared/gitlab-runner/builds/Ky1S2xgCM/0/autotests/WebNew/build/reports/tests/1755760531815.7.html\nTimeout: 14 s.\nCaused by: NoSuchElementException: no such element: Unable to locate element: {\"method\":\"xpath\",\"selector\":\".//*/text()[normalize-space(translate(string(.), '",
      "children" : [ {
        "name" : "scodixBook()",
        "uid" : "f8141489d8cac729",
        "parentUid" : "3f66fbaa966ee1798774301f3d4e2bc1",
        "status" : "failed",
        "time" : {
          "start" : 1755760482920,
          "stop" : 1755760531912,
          "duration" : 48992
        },
        "flaky" : false,
        "newFailed" : false,
        "parameters" : [ ]
      } ],
      "uid" : "3f66fbaa966ee1798774301f3d4e2bc1"
    }, {
      "name" : "Element not found {div.introjs-overlay}\nExpected: clickable: interactable and enabled\nScreenshot: file:/Users/Shared/gitlab-runner/builds/Ky1S2xgCM/0/autotests/WebNew/build/reports/tests/1755760565348.8.png\nPage source: file:/Users/Shared/gitlab-runner/builds/Ky1S2xgCM/0/autotests/WebNew/build/reports/tests/1755760565348.8.html\nTimeout: 14 s.\nCaused by: NoSuchElementException: no such element: Unable to locate element: {\"method\":\"css selector\",\"selector\":\"div.introjs-overlay\"}",
      "children" : [ {
        "name" : "miniBookMaxPages()",
        "uid" : "11e514f0135249c6",
        "parentUid" : "97d5d90cde2aab88bb3bc367918abe6c",
        "status" : "failed",
        "time" : {
          "start" : 1755760531916,
          "stop" : 1755760565458,
          "duration" : 33542
        },
        "flaky" : false,
        "newFailed" : false,
        "parameters" : [ ]
      } ],
      "uid" : "97d5d90cde2aab88bb3bc367918abe6c"
    }, {
      "name" : "Element not found {div.introjs-overlay}\nExpected: clickable: interactable and enabled\nScreenshot: file:/Users/Shared/gitlab-runner/builds/Ky1S2xgCM/0/autotests/WebNew/build/reports/tests/1755760599587.9.png\nPage source: file:/Users/Shared/gitlab-runner/builds/Ky1S2xgCM/0/autotests/WebNew/build/reports/tests/1755760599587.9.html\nTimeout: 14 s.\nCaused by: NoSuchElementException: no such element: Unable to locate element: {\"method\":\"css selector\",\"selector\":\"div.introjs-overlay\"}",
      "children" : [ {
        "name" : "graduaionAlbumBook()",
        "uid" : "a1debe97a29fa140",
        "parentUid" : "fa12b5be932d61e941aae5eac3955a93",
        "status" : "failed",
        "time" : {
          "start" : 1755760565462,
          "stop" : 1755760599668,
          "duration" : 34206
        },
        "flaky" : false,
        "newFailed" : false,
        "parameters" : [ ]
      } ],
      "uid" : "fa12b5be932d61e941aae5eac3955a93"
    } ],
    "uid" : "8fb3a91ba5aaf9de24cc8a92edc82b5d"
  } ]
}