{
  "uid" : "4b4757e66a1912dae1a509f688f20b0f",
  "name" : "categories",
  "children" : [ {
    "name" : "Product defects",
    "children" : [ {
      "name" : "Invalid element state [button.btn-default[1]]: element click intercepted: Element <button class=\"btn btn-default btn-block\" ng-click=\"vm.onSaveDelivery()\" ng-disabled=\"vm.saveDeliveryLoading\">...</button> is not clickable at point (1541, 20). Other element would receive the click: <span id=\"login_bonuses\" class=\"text is_auth hidden desktop__bonuses desktop__bonuses--active\">...</span>\nScreenshot: file:/Users/Shared/gitlab-runner/builds/Ky1S2xgCM/0/autotests/WebNew/build/reports/tests/1755232948975.1.png\nPage source: file:/Users/Shared/gitlab-runner/builds/Ky1S2xgCM/0/autotests/WebNew/build/reports/tests/1755232948975.1.html\nTimeout: 14 s.\nCaused by: ElementClickInterceptedException: element click intercepted: Element <button class=\"btn btn-default btn-block\" ng-click=\"vm.onSaveDelivery()\" ng-disabled=\"vm.saveDeliveryLoading\">...</button> is not clickable at point (1541, 20). Other element would receive the click: <span id=\"login_bonuses\" class=\"text is_auth hidden desktop__bonuses desktop__bonuses--active\">...</span>",
      "children" : [ {
        "name" : "Оплата Paykeeper QR",
        "uid" : "ccf44a20a715652a",
        "parentUid" : "9bbc8ab296eeb4614bdd773ce325803c",
        "status" : "failed",
        "time" : {
          "start" : 1755232878017,
          "stop" : 1755232952882,
          "duration" : 74865
        },
        "flaky" : false,
        "newFailed" : false,
        "parameters" : [ ]
      } ],
      "uid" : "9bbc8ab296eeb4614bdd773ce325803c"
    }, {
      "name" : "Element not found {button.print-template--js}\nExpected: exist\nScreenshot: file:/Users/Shared/gitlab-runner/builds/Ky1S2xgCM/0/autotests/WebNew/build/reports/tests/1755233258274.2.png\nPage source: file:/Users/Shared/gitlab-runner/builds/Ky1S2xgCM/0/autotests/WebNew/build/reports/tests/1755233258274.2.html\nTimeout: 14 s.\nCaused by: NoSuchElementException: no such element: Unable to locate element: {\"method\":\"css selector\",\"selector\":\"button.print-template--js\"}",
      "children" : [ {
        "name" : "Заказ постера: неавторизованный юзер",
        "uid" : "9513a525eaf0ce84",
        "parentUid" : "79e49f1f6ab1fb4f2af109048bc8b11d",
        "status" : "failed",
        "time" : {
          "start" : 1755233210424,
          "stop" : 1755233260033,
          "duration" : 49609
        },
        "flaky" : false,
        "newFailed" : false,
        "parameters" : [ ]
      } ],
      "uid" : "79e49f1f6ab1fb4f2af109048bc8b11d"
    }, {
      "name" : "1 expectation failed.\nExpected status code <200> but was <400>.\n",
      "children" : [ {
        "name" : "DemoOrderTest",
        "uid" : "f9418a3270cb95b0",
        "parentUid" : "3322b5d56ab2d43ffab4be5a2a03ee17",
        "status" : "failed",
        "time" : {
          "start" : 1755233359230,
          "stop" : 1755233359230,
          "duration" : 0
        },
        "flaky" : false,
        "newFailed" : false,
        "parameters" : [ ]
      } ],
      "uid" : "3322b5d56ab2d43ffab4be5a2a03ee17"
    } ],
    "uid" : "8fb3a91ba5aaf9de24cc8a92edc82b5d"
  } ]
}