{
  "uid" : "4b4757e66a1912dae1a509f688f20b0f",
  "name" : "categories",
  "children" : [ {
    "name" : "Product defects",
    "children" : [ {
      "name" : "Invalid element state [button.btn-default[1]]: element click intercepted: Element <button class=\"btn btn-default btn-block\" ng-click=\"vm.onSaveDelivery()\" ng-disabled=\"vm.saveDeliveryLoading\">...</button> is not clickable at point (1541, 20). Other element would receive the click: <span id=\"login_bonuses\" class=\"text is_auth hidden desktop__bonuses desktop__bonuses--active\">...</span>\nScreenshot: file:/Users/Shared/gitlab-runner/builds/Ky1S2xgCM/0/autotests/WebNew/build/reports/tests/1755182477719.4.png\nPage source: file:/Users/Shared/gitlab-runner/builds/Ky1S2xgCM/0/autotests/WebNew/build/reports/tests/1755182477719.4.html\nTimeout: 14 s.\nCaused by: ElementClickInterceptedException: element click intercepted: Element <button class=\"btn btn-default btn-block\" ng-click=\"vm.onSaveDelivery()\" ng-disabled=\"vm.saveDeliveryLoading\">...</button> is not clickable at point (1541, 20). Other element would receive the click: <span id=\"login_bonuses\" class=\"text is_auth hidden desktop__bonuses desktop__bonuses--active\">...</span>",
      "children" : [ {
        "name" : "Оплата Paykeeper QR",
        "uid" : "66e902fb7d629466",
        "parentUid" : "587111f071d8437b2fb2133201da5a78",
        "status" : "failed",
        "time" : {
          "start" : 1755182419867,
          "stop" : 1755182481804,
          "duration" : 61937
        },
        "flaky" : false,
        "newFailed" : false,
        "parameters" : [ ]
      } ],
      "uid" : "587111f071d8437b2fb2133201da5a78"
    }, {
      "name" : "Element not found {div.introjs-overlay}\nExpected: clickable: interactable and enabled\nScreenshot: file:/Users/Shared/gitlab-runner/builds/Ky1S2xgCM/0/autotests/WebNew/build/reports/tests/1755182671995.5.png\nPage source: file:/Users/Shared/gitlab-runner/builds/Ky1S2xgCM/0/autotests/WebNew/build/reports/tests/1755182671995.5.html\nTimeout: 14 s.\nCaused by: NoSuchElementException: no such element: Unable to locate element: {\"method\":\"css selector\",\"selector\":\"div.introjs-overlay\"}",
      "children" : [ {
        "name" : "Создание книги в онлайн-редакторе",
        "uid" : "1cbe46d969190304",
        "parentUid" : "62a8ed85ea6655742b92bb110e146118",
        "status" : "failed",
        "time" : {
          "start" : 1755182553504,
          "stop" : 1755182673884,
          "duration" : 120380
        },
        "flaky" : false,
        "newFailed" : false,
        "parameters" : [ ]
      } ],
      "uid" : "62a8ed85ea6655742b92bb110e146118"
    }, {
      "name" : "1 expectation failed.\nExpected status code <200> but was <400>.\n",
      "children" : [ {
        "name" : "DemoOrderTest",
        "uid" : "b597a26a36e9ff85",
        "parentUid" : "3322b5d56ab2d43ffab4be5a2a03ee17",
        "status" : "failed",
        "time" : {
          "start" : 1755182804388,
          "stop" : 1755182804388,
          "duration" : 0
        },
        "flaky" : false,
        "newFailed" : false,
        "parameters" : [ ]
      } ],
      "uid" : "3322b5d56ab2d43ffab4be5a2a03ee17"
    } ],
    "uid" : "8fb3a91ba5aaf9de24cc8a92edc82b5d"
  } ]
}