{
  "uid" : "4b4757e66a1912dae1a509f688f20b0f",
  "name" : "categories",
  "children" : [ {
    "name" : "Product defects",
    "children" : [ {
      "name" : "Element should be clickable: interactable and enabled {button.order-delivery-switch}\nElement: '<button class=\"order-delivery-tile order-delivery-switch\" ng-class=\"{'active': vm.activeSelector == 'list'}\" ng-click=\"vm.onChangePointsSelector('list')\" type=\"submit\" displayed:false></button>'\nActual value: hidden, opacity=1\nScreenshot: file:/Users/Shared/gitlab-runner/builds/Ky1S2xgCM/0/autotests/WebNew/build/reports/tests/1764939571325.1.png\nPage source: file:/Users/Shared/gitlab-runner/builds/Ky1S2xgCM/0/autotests/WebNew/build/reports/tests/1764939571325.1.html\nTimeout: 20 s.",
      "children" : [ {
        "name" : "Оплата Paykeeper QR",
        "uid" : "299bdab49018d22f",
        "parentUid" : "1a4eba5b4b614892dec4e831081cf4c1",
        "status" : "failed",
        "time" : {
          "start" : 1764939417084,
          "stop" : 1764939576230,
          "duration" : 159146
        },
        "flaky" : false,
        "newFailed" : false,
        "parameters" : [ ]
      } ],
      "uid" : "1a4eba5b4b614892dec4e831081cf4c1"
    }, {
      "name" : "Element not found {div.porch-album-tile-cover[1]}\nExpected: clickable: interactable and enabled\nScreenshot: file:/Users/Shared/gitlab-runner/builds/Ky1S2xgCM/0/autotests/WebNew/build/reports/tests/1764939827410.2.png\nPage source: file:/Users/Shared/gitlab-runner/builds/Ky1S2xgCM/0/autotests/WebNew/build/reports/tests/1764939827410.2.html\nTimeout: 20 s.\nCaused by: java.lang.IndexOutOfBoundsException: Index 1 out of bounds for length 0",
      "children" : [ {
        "name" : "Добавление в корзину карманного календарика",
        "uid" : "b7caa70df03cd700",
        "parentUid" : "bdab79e5c96bed97f5a2f8e4c9c18321",
        "status" : "failed",
        "time" : {
          "start" : 1764939684768,
          "stop" : 1764939829484,
          "duration" : 144716
        },
        "flaky" : false,
        "newFailed" : false,
        "parameters" : [ ]
      } ],
      "uid" : "bdab79e5c96bed97f5a2f8e4c9c18321"
    }, {
      "name" : "Element not found {img[title='Онлайнкнига']}\nExpected: clickable: interactable and enabled\nScreenshot: file:/Users/Shared/gitlab-runner/builds/Ky1S2xgCM/0/autotests/WebNew/build/reports/tests/1764939958321.3.png\nPage source: file:/Users/Shared/gitlab-runner/builds/Ky1S2xgCM/0/autotests/WebNew/build/reports/tests/1764939958321.3.html\nTimeout: 20 s.\nCaused by: NoSuchElementException: no such element: Unable to locate element: {\"method\":\"css selector\",\"selector\":\"img[title='Онлайнкнига']\"}",
      "children" : [ {
        "name" : "Создание книги в онлайн-редакторе",
        "uid" : "e33d68955a9c40ec",
        "parentUid" : "30c74cd038b015b2bcd83a89824276c0",
        "status" : "failed",
        "time" : {
          "start" : 1764939829497,
          "stop" : 1764939960763,
          "duration" : 131266
        },
        "flaky" : false,
        "newFailed" : false,
        "parameters" : [ ]
      } ],
      "uid" : "30c74cd038b015b2bcd83a89824276c0"
    }, {
      "name" : "1 expectation failed.\nExpected status code <200> but was <400>.\n",
      "children" : [ {
        "name" : "DemoOrderTest",
        "uid" : "234c4bfcc73a2055",
        "parentUid" : "3322b5d56ab2d43ffab4be5a2a03ee17",
        "status" : "failed",
        "time" : {
          "start" : 1764940197907,
          "stop" : 1764940197907,
          "duration" : 0
        },
        "flaky" : false,
        "newFailed" : false,
        "parameters" : [ ]
      } ],
      "uid" : "3322b5d56ab2d43ffab4be5a2a03ee17"
    } ],
    "uid" : "8fb3a91ba5aaf9de24cc8a92edc82b5d"
  } ]
}